<?xml version="1.0" encoding="UTF-8"?>
<!-- Generated by org.testng.reporters.JUnitReportReporter -->
<testsuite skipped="0" hostname="LAPTOP-8LBRLJ88" name="com.nopcommerce.demo.testsuite.RegistrationTest" tests="2" failures="0" timestamp="22 Jun 2021 09:37:14 GMT" time="31.803" errors="0">
  <testcase name="verifyUserShouldAbleToRegisterWithValidInputInAllMandatoryFields" time="21.190" classname="com.nopcommerce.demo.testsuite.RegistrationTest"/>
  <testcase name="verifyUserShouldNotAbleToRegisterLeavingMandatoryFieldEmpty" time="10.613" classname="com.nopcommerce.demo.testsuite.RegistrationTest"/>
</testsuite> <!-- com.nopcommerce.demo.testsuite.RegistrationTest -->
